  arbitre.cpp
  Info: Boost.Config is older than your compiler version - probably nothing bad will happen - but you may wish to look for an update Boost version.  Define BOOST_CONFIG_SUPPRESS_OUTDATED_MESSAGE to suppress this message.
d:\users\hugo\documents\travail\c++\hc2018\hc2018\arbitre.cpp(6): error C4430: spécificateur de type manquant - int est pris en compte par défaut. Remarque : C++ ne prend pas en charge int par défaut
  Batiment.cpp
d:\users\hugo\documents\travail\c++\hc2018\hc2018\batiment.cpp(80): warning C4018: '<=' : incompatibilité signed/unsigned
  BatimentPlace.cpp
  Carte.cpp
d:\users\hugo\documents\travail\c++\hc2018\hc2018\carte.cpp(81): warning C4018: '<' : incompatibilité signed/unsigned
d:\users\hugo\documents\travail\c++\hc2018\hc2018\carte.cpp(107): warning C4018: '<' : incompatibilité signed/unsigned
d:\users\hugo\documents\travail\c++\hc2018\hc2018\carte.cpp(138): warning C4018: '<' : incompatibilité signed/unsigned
d:\users\hugo\documents\travail\c++\hc2018\hc2018\carte.cpp(149): warning C4018: '<' : incompatibilité signed/unsigned
d:\users\hugo\documents\travail\c++\hc2018\hc2018\carte.cpp(213): warning C4018: '<' : incompatibilité signed/unsigned
d:\users\hugo\documents\travail\c++\hc2018\hc2018\carte.cpp(215): warning C4244: 'initialisation' : conversion de 'unsigned int' en 'float', perte possible de données
d:\users\hugo\documents\travail\c++\hc2018\hc2018\carte.cpp(216): warning C4244: 'initialisation' : conversion de 'int' en 'float', perte possible de données
d:\users\hugo\documents\travail\c++\hc2018\hc2018\carte.cpp(217): warning C4244: 'initialisation' : conversion de 'int' en 'float', perte possible de données
d:\users\hugo\documents\travail\c++\hc2018\hc2018\carte.cpp(221): warning C4244: 'initialisation' : conversion de 'int' en 'float', perte possible de données
d:\users\hugo\documents\travail\c++\hc2018\hc2018\carte.cpp(238): warning C4018: '<' : incompatibilité signed/unsigned
d:\users\hugo\documents\travail\c++\hc2018\hc2018\carte.cpp(240): warning C4018: '<' : incompatibilité signed/unsigned
d:\users\hugo\documents\travail\c++\hc2018\hc2018\carte.cpp(256): warning C4018: '<' : incompatibilité signed/unsigned
d:\users\hugo\documents\travail\c++\hc2018\hc2018\carte.cpp(270): warning C4018: '<' : incompatibilité signed/unsigned
d:\users\hugo\documents\travail\c++\hc2018\hc2018\carte.cpp(283): warning C4018: '<' : incompatibilité signed/unsigned
d:\users\hugo\documents\travail\c++\hc2018\hc2018\carte.cpp(287): warning C4018: '<' : incompatibilité signed/unsigned
d:\users\hugo\documents\travail\c++\hc2018\hc2018\carte.cpp(294): warning C4018: '<' : incompatibilité signed/unsigned
d:\users\hugo\documents\travail\c++\hc2018\hc2018\carte.cpp(296): warning C4018: '<' : incompatibilité signed/unsigned
d:\users\hugo\documents\travail\c++\hc2018\hc2018\carte.cpp(311): warning C4018: '<' : incompatibilité signed/unsigned
d:\users\hugo\documents\travail\c++\hc2018\hc2018\carte.cpp(325): warning C4018: '<' : incompatibilité signed/unsigned
d:\users\hugo\documents\travail\c++\hc2018\hc2018\carte.cpp(327): warning C4018: '<' : incompatibilité signed/unsigned
d:\users\hugo\documents\travail\c++\hc2018\hc2018\carte.cpp(349): warning C4018: '<' : incompatibilité signed/unsigned
d:\users\hugo\documents\travail\c++\hc2018\hc2018\carte.cpp(353): warning C4018: '<' : incompatibilité signed/unsigned
  InputReader.cpp
  map.cpp
  Info: Boost.Config is older than your compiler version - probably nothing bad will happen - but you may wish to look for an update Boost version.  Define BOOST_CONFIG_SUPPRESS_OUTDATED_MESSAGE to suppress this message.
  scoreCalculator.cpp
  Info: Boost.Config is older than your compiler version - probably nothing bad will happen - but you may wish to look for an update Boost version.  Define BOOST_CONFIG_SUPPRESS_OUTDATED_MESSAGE to suppress this message.
d:\users\hugo\documents\travail\c++\hc2018\hc2018\inputreader.hpp(5): error C2011: 'InputInformation' : redéfinition du type 'class'
  d:\users\hugo\documents\travail\c++\hc2018\hc2018\inputreader.hpp(4): note: voir la déclaration de 'InputInformation'
d:\users\hugo\documents\travail\c++\hc2018\hc2018\inputreader.hpp(25): error C2011: 'InputReader' : redéfinition du type 'class'
  d:\users\hugo\documents\travail\c++\hc2018\hc2018\inputreader.hpp(24): note: voir la déclaration de 'InputReader'
d:\users\hugo\documents\travail\c++\hc2018\hc2018\scorecalculator.cpp(140): error C2079: 'info' utilise une class de 'InputInformation' non défini
d:\users\hugo\documents\travail\c++\hc2018\hc2018\scorecalculator.cpp(140): error C2027: utilisation du type non défini 'InputReader'
  d:\users\hugo\documents\travail\c++\hc2018\hc2018\inputreader.hpp(24): note: voir la déclaration de 'InputReader'
d:\users\hugo\documents\travail\c++\hc2018\hc2018\scorecalculator.cpp(140): error C3861: 'readInputFile' : identificateur introuvable
d:\users\hugo\documents\travail\c++\hc2018\hc2018\scorecalculator.cpp(141): error C2664: 'Map::Map(const Map &)' : impossible de convertir l'argument 2 de 'int' en 'const InputInformation &'
  d:\users\hugo\documents\travail\c++\hc2018\hc2018\scorecalculator.cpp(141): note: Raison : impossible de convertir de 'int' en 'const InputInformation'
  d:\users\hugo\documents\travail\c++\hc2018\hc2018\scorecalculator.cpp(141): note: utilisation du type non défini 'InputInformation'
  d:\users\hugo\documents\travail\c++\hc2018\hc2018\inputreader.hpp(4): note: voir la déclaration de 'InputInformation'
  Solution.cpp
d:\users\hugo\documents\travail\c++\hc2018\hc2018\inputreader.hpp(5): error C2011: 'InputInformation' : redéfinition du type 'class'
  d:\users\hugo\documents\travail\c++\hc2018\hc2018\inputreader.hpp(4): note: voir la déclaration de 'InputInformation'
d:\users\hugo\documents\travail\c++\hc2018\hc2018\inputreader.hpp(25): error C2011: 'InputReader' : redéfinition du type 'class'
  d:\users\hugo\documents\travail\c++\hc2018\hc2018\inputreader.hpp(24): note: voir la déclaration de 'InputReader'
  Info: Boost.Config is older than your compiler version - probably nothing bad will happen - but you may wish to look for an update Boost version.  Define BOOST_CONFIG_SUPPRESS_OUTDATED_MESSAGE to suppress this message.
d:\users\hugo\documents\travail\c++\hc2018\hc2018\map.hpp(30): error C2027: utilisation du type non défini 'InputInformation'
  d:\users\hugo\documents\travail\c++\hc2018\hc2018\inputreader.hpp(4): note: voir la déclaration de 'InputInformation'
d:\users\hugo\documents\travail\c++\hc2018\hc2018\map.hpp(31): error C2027: utilisation du type non défini 'InputInformation'
  d:\users\hugo\documents\travail\c++\hc2018\hc2018\inputreader.hpp(4): note: voir la déclaration de 'InputInformation'
d:\users\hugo\documents\travail\c++\hc2018\hc2018\map.hpp(32): error C2027: utilisation du type non défini 'InputInformation'
  d:\users\hugo\documents\travail\c++\hc2018\hc2018\inputreader.hpp(4): note: voir la déclaration de 'InputInformation'
d:\users\hugo\documents\travail\c++\hc2018\hc2018\map.hpp(68): error C2027: utilisation du type non défini 'InputInformation'
  d:\users\hugo\documents\travail\c++\hc2018\hc2018\inputreader.hpp(4): note: voir la déclaration de 'InputInformation'
d:\users\hugo\documents\travail\c++\hc2018\hc2018\map.hpp(76): error C2027: utilisation du type non défini 'InputInformation'
  d:\users\hugo\documents\travail\c++\hc2018\hc2018\inputreader.hpp(4): note: voir la déclaration de 'InputInformation'
d:\users\hugo\documents\travail\c++\hc2018\hc2018\map.hpp(76): error C2664: 'BatimentPlace::BatimentPlace(BatimentPlace &&)' : impossible de convertir l'argument 1 de 'std::pair<int,int>' en 'const BatimentPlace &'
  d:\users\hugo\documents\travail\c++\hc2018\hc2018\map.hpp(76): note: Raison : impossible de convertir de 'std::pair<int,int>' en 'const BatimentPlace'
  d:\users\hugo\documents\travail\c++\hc2018\hc2018\map.hpp(76): note: Aucun opérateur de conversion définie par l'utilisateur disponible qui puisse effectuer cette conversion, ou l'opérateur ne peut pas être appelé
  _scoreCalculator.cpp
  Info: Boost.Config is older than your compiler version - probably nothing bad will happen - but you may wish to look for an update Boost version.  Define BOOST_CONFIG_SUPPRESS_OUTDATED_MESSAGE to suppress this message.
  Génération de code en cours...
