d:\users\hugo\documents\travail\c++\hc2018\hc2018\debug\vc141.pdb
d:\users\hugo\documents\travail\c++\hc2018\hc2018\debug\vc141.idb
d:\users\hugo\documents\travail\c++\hc2018\hc2018\debug\_scorecalculator.obj
d:\users\hugo\documents\travail\c++\hc2018\hc2018\debug\solution.obj
d:\users\hugo\documents\travail\c++\hc2018\hc2018\debug\scorecalculator.obj
d:\users\hugo\documents\travail\c++\hc2018\hc2018\debug\map.obj
d:\users\hugo\documents\travail\c++\hc2018\hc2018\debug\inputreader.obj
d:\users\hugo\documents\travail\c++\hc2018\hc2018\debug\carte.obj
d:\users\hugo\documents\travail\c++\hc2018\hc2018\debug\batimentplace.obj
d:\users\hugo\documents\travail\c++\hc2018\hc2018\debug\batiment.obj
d:\users\hugo\documents\travail\c++\hc2018\hc2018\debug\arbitre.obj
d:\users\hugo\documents\travail\c++\hc2018\debug\hc2018.pdb
d:\users\hugo\documents\travail\c++\hc2018\hc2018\debug\hc2018.tlog\cl.command.1.tlog
d:\users\hugo\documents\travail\c++\hc2018\hc2018\debug\hc2018.tlog\cl.read.1.tlog
d:\users\hugo\documents\travail\c++\hc2018\hc2018\debug\hc2018.tlog\cl.write.1.tlog
d:\users\hugo\documents\travail\c++\hc2018\hc2018\debug\hc2018.tlog\link-cvtres.read.1.tlog
d:\users\hugo\documents\travail\c++\hc2018\hc2018\debug\hc2018.tlog\link-cvtres.write.1.tlog
d:\users\hugo\documents\travail\c++\hc2018\hc2018\debug\hc2018.tlog\link-rc.read.1.tlog
d:\users\hugo\documents\travail\c++\hc2018\hc2018\debug\hc2018.tlog\link-rc.write.1.tlog
d:\users\hugo\documents\travail\c++\hc2018\hc2018\debug\hc2018.tlog\link.command.1.tlog
d:\users\hugo\documents\travail\c++\hc2018\hc2018\debug\hc2018.tlog\link.read.1.tlog
d:\users\hugo\documents\travail\c++\hc2018\hc2018\debug\hc2018.tlog\link.write.1.tlog
